{"D:\\个人项目\\webpack-morePage\\webpack4-morePages-Layui\\src\\libs\\tools.js": {"path":"D:\\个人项目\\webpack-morePage\\webpack4-morePages-Layui\\src\\libs\\tools.js","statementMap":{"0":{"start":{"line":17,"column":34},"end":{"line":20,"column":1}},"1":{"start":{"line":18,"column":16},"end":{"line":18,"column":42}},"2":{"start":{"line":19,"column":1},"end":{"line":19,"column":26}},"3":{"start":{"line":26,"column":30},"end":{"line":29,"column":1}},"4":{"start":{"line":27,"column":16},"end":{"line":27,"column":32}},"5":{"start":{"line":28,"column":1},"end":{"line":28,"column":26}},"6":{"start":{"line":35,"column":30},"end":{"line":38,"column":1}},"7":{"start":{"line":36,"column":16},"end":{"line":36,"column":33}},"8":{"start":{"line":37,"column":1},"end":{"line":37,"column":26}},"9":{"start":{"line":44,"column":32},"end":{"line":47,"column":1}},"10":{"start":{"line":45,"column":16},"end":{"line":45,"column":33}},"11":{"start":{"line":46,"column":1},"end":{"line":46,"column":26}},"12":{"start":{"line":54,"column":30},"end":{"line":57,"column":1}},"13":{"start":{"line":55,"column":16},"end":{"line":55,"column":99}},"14":{"start":{"line":56,"column":1},"end":{"line":56,"column":26}},"15":{"start":{"line":64,"column":28},"end":{"line":67,"column":1}},"16":{"start":{"line":65,"column":11},"end":{"line":65,"column":221}},"17":{"start":{"line":66,"column":1},"end":{"line":66,"column":21}},"18":{"start":{"line":73,"column":29},"end":{"line":77,"column":1}},"19":{"start":{"line":75,"column":16},"end":{"line":75,"column":35}},"20":{"start":{"line":76,"column":1},"end":{"line":76,"column":26}},"21":{"start":{"line":83,"column":29},"end":{"line":86,"column":1}},"22":{"start":{"line":84,"column":16},"end":{"line":84,"column":74}},"23":{"start":{"line":85,"column":1},"end":{"line":85,"column":26}},"24":{"start":{"line":88,"column":34},"end":{"line":98,"column":1}},"25":{"start":{"line":89,"column":9},"end":{"line":89,"column":11}},"26":{"start":{"line":90,"column":1},"end":{"line":90,"column":31}},"27":{"start":{"line":90,"column":22},"end":{"line":90,"column":31}},"28":{"start":{"line":91,"column":1},"end":{"line":91,"column":31}},"29":{"start":{"line":92,"column":1},"end":{"line":92,"column":28}},"30":{"start":{"line":93,"column":1},"end":{"line":93,"column":28}},"31":{"start":{"line":94,"column":1},"end":{"line":94,"column":30}},"32":{"start":{"line":95,"column":1},"end":{"line":95,"column":29}},"33":{"start":{"line":96,"column":1},"end":{"line":96,"column":30}},"34":{"start":{"line":97,"column":1},"end":{"line":97,"column":9}},"35":{"start":{"line":100,"column":34},"end":{"line":113,"column":1}},"36":{"start":{"line":101,"column":1},"end":{"line":103,"column":2}},"37":{"start":{"line":102,"column":2},"end":{"line":102,"column":12}},"38":{"start":{"line":104,"column":9},"end":{"line":104,"column":11}},"39":{"start":{"line":105,"column":1},"end":{"line":105,"column":31}},"40":{"start":{"line":105,"column":22},"end":{"line":105,"column":31}},"41":{"start":{"line":106,"column":1},"end":{"line":106,"column":31}},"42":{"start":{"line":107,"column":1},"end":{"line":107,"column":28}},"43":{"start":{"line":108,"column":1},"end":{"line":108,"column":28}},"44":{"start":{"line":109,"column":1},"end":{"line":109,"column":30}},"45":{"start":{"line":110,"column":1},"end":{"line":110,"column":30}},"46":{"start":{"line":111,"column":1},"end":{"line":111,"column":30}},"47":{"start":{"line":112,"column":1},"end":{"line":112,"column":9}},"48":{"start":{"line":121,"column":24},"end":{"line":139,"column":1}},"49":{"start":{"line":123,"column":1},"end":{"line":138,"column":2}},"50":{"start":{"line":124,"column":16},"end":{"line":124,"column":20}},"51":{"start":{"line":125,"column":13},"end":{"line":125,"column":22}},"52":{"start":{"line":126,"column":2},"end":{"line":126,"column":36}},"53":{"start":{"line":126,"column":15},"end":{"line":126,"column":36}},"54":{"start":{"line":127,"column":2},"end":{"line":137,"column":3}},"55":{"start":{"line":128,"column":17},"end":{"line":128,"column":25}},"56":{"start":{"line":129,"column":3},"end":{"line":131,"column":11}},"57":{"start":{"line":130,"column":4},"end":{"line":130,"column":18}},"58":{"start":{"line":132,"column":3},"end":{"line":132,"column":41}},"59":{"start":{"line":132,"column":16},"end":{"line":132,"column":41}},"60":{"start":{"line":134,"column":3},"end":{"line":136,"column":11}},"61":{"start":{"line":135,"column":4},"end":{"line":135,"column":29}},"62":{"start":{"line":146,"column":25},"end":{"line":150,"column":1}},"63":{"start":{"line":147,"column":1},"end":{"line":149,"column":28}},"64":{"start":{"line":148,"column":16},"end":{"line":148,"column":28}},"65":{"start":{"line":149,"column":16},"end":{"line":149,"column":27}},"66":{"start":{"line":157,"column":27},"end":{"line":162,"column":1}},"67":{"start":{"line":158,"column":11},"end":{"line":158,"column":55}},"68":{"start":{"line":159,"column":9},"end":{"line":159,"column":52}},"69":{"start":{"line":160,"column":1},"end":{"line":160,"column":37}},"70":{"start":{"line":160,"column":16},"end":{"line":160,"column":37}},"71":{"start":{"line":161,"column":1},"end":{"line":161,"column":12}}},"fnMap":{"0":{"name":"(anonymous_0)","decl":{"start":{"line":17,"column":34},"end":{"line":17,"column":35}},"loc":{"start":{"line":17,"column":49},"end":{"line":20,"column":1}},"line":17},"1":{"name":"(anonymous_1)","decl":{"start":{"line":26,"column":30},"end":{"line":26,"column":31}},"loc":{"start":{"line":26,"column":45},"end":{"line":29,"column":1}},"line":26},"2":{"name":"(anonymous_2)","decl":{"start":{"line":35,"column":30},"end":{"line":35,"column":31}},"loc":{"start":{"line":35,"column":45},"end":{"line":38,"column":1}},"line":35},"3":{"name":"(anonymous_3)","decl":{"start":{"line":44,"column":32},"end":{"line":44,"column":33}},"loc":{"start":{"line":44,"column":47},"end":{"line":47,"column":1}},"line":44},"4":{"name":"(anonymous_4)","decl":{"start":{"line":54,"column":30},"end":{"line":54,"column":31}},"loc":{"start":{"line":54,"column":45},"end":{"line":57,"column":1}},"line":54},"5":{"name":"(anonymous_5)","decl":{"start":{"line":64,"column":28},"end":{"line":64,"column":29}},"loc":{"start":{"line":64,"column":43},"end":{"line":67,"column":1}},"line":64},"6":{"name":"(anonymous_6)","decl":{"start":{"line":73,"column":29},"end":{"line":73,"column":30}},"loc":{"start":{"line":73,"column":44},"end":{"line":77,"column":1}},"line":73},"7":{"name":"(anonymous_7)","decl":{"start":{"line":83,"column":29},"end":{"line":83,"column":30}},"loc":{"start":{"line":83,"column":44},"end":{"line":86,"column":1}},"line":83},"8":{"name":"(anonymous_8)","decl":{"start":{"line":88,"column":34},"end":{"line":88,"column":35}},"loc":{"start":{"line":88,"column":49},"end":{"line":98,"column":1}},"line":88},"9":{"name":"(anonymous_9)","decl":{"start":{"line":100,"column":34},"end":{"line":100,"column":35}},"loc":{"start":{"line":100,"column":49},"end":{"line":113,"column":1}},"line":100},"10":{"name":"(anonymous_10)","decl":{"start":{"line":121,"column":24},"end":{"line":121,"column":25}},"loc":{"start":{"line":121,"column":57},"end":{"line":139,"column":1}},"line":121},"11":{"name":"(anonymous_11)","decl":{"start":{"line":123,"column":8},"end":{"line":123,"column":9}},"loc":{"start":{"line":123,"column":20},"end":{"line":138,"column":2}},"line":123},"12":{"name":"(anonymous_12)","decl":{"start":{"line":129,"column":24},"end":{"line":129,"column":25}},"loc":{"start":{"line":129,"column":30},"end":{"line":131,"column":4}},"line":129},"13":{"name":"(anonymous_13)","decl":{"start":{"line":134,"column":24},"end":{"line":134,"column":25}},"loc":{"start":{"line":134,"column":36},"end":{"line":136,"column":4}},"line":134},"14":{"name":"(anonymous_14)","decl":{"start":{"line":146,"column":25},"end":{"line":146,"column":26}},"loc":{"start":{"line":146,"column":38},"end":{"line":150,"column":1}},"line":146},"15":{"name":"(anonymous_15)","decl":{"start":{"line":148,"column":8},"end":{"line":148,"column":9}},"loc":{"start":{"line":148,"column":16},"end":{"line":148,"column":28}},"line":148},"16":{"name":"(anonymous_16)","decl":{"start":{"line":149,"column":9},"end":{"line":149,"column":10}},"loc":{"start":{"line":149,"column":16},"end":{"line":149,"column":27}},"line":149},"17":{"name":"(anonymous_17)","decl":{"start":{"line":157,"column":27},"end":{"line":157,"column":28}},"loc":{"start":{"line":157,"column":37},"end":{"line":162,"column":1}},"line":157}},"branchMap":{"0":{"loc":{"start":{"line":90,"column":1},"end":{"line":90,"column":31}},"type":"if","locations":[{"start":{"line":90,"column":1},"end":{"line":90,"column":31}},{"start":{"line":90,"column":1},"end":{"line":90,"column":31}}],"line":90},"1":{"loc":{"start":{"line":101,"column":1},"end":{"line":103,"column":2}},"type":"if","locations":[{"start":{"line":101,"column":1},"end":{"line":103,"column":2}},{"start":{"line":101,"column":1},"end":{"line":103,"column":2}}],"line":101},"2":{"loc":{"start":{"line":105,"column":1},"end":{"line":105,"column":31}},"type":"if","locations":[{"start":{"line":105,"column":1},"end":{"line":105,"column":31}},{"start":{"line":105,"column":1},"end":{"line":105,"column":31}}],"line":105},"3":{"loc":{"start":{"line":126,"column":2},"end":{"line":126,"column":36}},"type":"if","locations":[{"start":{"line":126,"column":2},"end":{"line":126,"column":36}},{"start":{"line":126,"column":2},"end":{"line":126,"column":36}}],"line":126},"4":{"loc":{"start":{"line":127,"column":2},"end":{"line":137,"column":3}},"type":"if","locations":[{"start":{"line":127,"column":2},"end":{"line":137,"column":3}},{"start":{"line":127,"column":2},"end":{"line":137,"column":3}}],"line":127},"5":{"loc":{"start":{"line":132,"column":3},"end":{"line":132,"column":41}},"type":"if","locations":[{"start":{"line":132,"column":3},"end":{"line":132,"column":41}},{"start":{"line":132,"column":3},"end":{"line":132,"column":41}}],"line":132},"6":{"loc":{"start":{"line":160,"column":1},"end":{"line":160,"column":37}},"type":"if","locations":[{"start":{"line":160,"column":1},"end":{"line":160,"column":37}},{"start":{"line":160,"column":1},"end":{"line":160,"column":37}}],"line":160}},"s":{"0":1,"1":0,"2":0,"3":1,"4":0,"5":0,"6":1,"7":0,"8":0,"9":1,"10":0,"11":0,"12":1,"13":1,"14":1,"15":1,"16":1,"17":1,"18":1,"19":1,"20":1,"21":1,"22":1,"23":1,"24":1,"25":1,"26":1,"27":0,"28":1,"29":1,"30":1,"31":1,"32":1,"33":1,"34":1,"35":1,"36":0,"37":0,"38":0,"39":0,"40":0,"41":0,"42":0,"43":0,"44":0,"45":0,"46":0,"47":0,"48":1,"49":0,"50":0,"51":0,"52":0,"53":0,"54":0,"55":0,"56":0,"57":0,"58":0,"59":0,"60":0,"61":0,"62":1,"63":0,"64":0,"65":0,"66":1,"67":0,"68":0,"69":0,"70":0,"71":0},"f":{"0":0,"1":0,"2":0,"3":0,"4":1,"5":1,"6":1,"7":1,"8":1,"9":0,"10":0,"11":0,"12":0,"13":0,"14":0,"15":0,"16":0,"17":0},"b":{"0":[0,1],"1":[0,0],"2":[0,0],"3":[0,0],"4":[0,0],"5":[0,0],"6":[0,0]},"_coverageSchema":"1a1c01bbd47fc00a2c39e90264f33305004495a9","hash":"ab478e0cc79e40b79b32e4f32b609314e3159ed5"}
}
