TN:
SF:src\libs\tools.js
FN:17,(anonymous_0)
FN:26,(anonymous_1)
FN:35,(anonymous_2)
FN:44,(anonymous_3)
FN:54,(anonymous_4)
FN:64,(anonymous_5)
FN:73,(anonymous_6)
FN:83,(anonymous_7)
FN:88,(anonymous_8)
FN:100,(anonymous_9)
FN:121,(anonymous_10)
FN:123,(anonymous_11)
FN:129,(anonymous_12)
FN:134,(anonymous_13)
FN:146,(anonymous_14)
FN:148,(anonymous_15)
FN:149,(anonymous_16)
FN:157,(anonymous_17)
FNF:18
FNH:5
FNDA:0,(anonymous_0)
FNDA:0,(anonymous_1)
FNDA:0,(anonymous_2)
FNDA:0,(anonymous_3)
FNDA:1,(anonymous_4)
FNDA:1,(anonymous_5)
FNDA:1,(anonymous_6)
FNDA:1,(anonymous_7)
FNDA:1,(anonymous_8)
FNDA:0,(anonymous_9)
FNDA:0,(anonymous_10)
FNDA:0,(anonymous_11)
FNDA:0,(anonymous_12)
FNDA:0,(anonymous_13)
FNDA:0,(anonymous_14)
FNDA:0,(anonymous_15)
FNDA:0,(anonymous_16)
FNDA:0,(anonymous_17)
DA:17,1
DA:18,0
DA:19,0
DA:26,1
DA:27,0
DA:28,0
DA:35,1
DA:36,0
DA:37,0
DA:44,1
DA:45,0
DA:46,0
DA:54,1
DA:55,1
DA:56,1
DA:64,1
DA:65,1
DA:66,1
DA:73,1
DA:75,1
DA:76,1
DA:83,1
DA:84,1
DA:85,1
DA:88,1
DA:89,1
DA:90,1
DA:91,1
DA:92,1
DA:93,1
DA:94,1
DA:95,1
DA:96,1
DA:97,1
DA:100,1
DA:101,0
DA:102,0
DA:104,0
DA:105,0
DA:106,0
DA:107,0
DA:108,0
DA:109,0
DA:110,0
DA:111,0
DA:112,0
DA:121,1
DA:123,0
DA:124,0
DA:125,0
DA:126,0
DA:127,0
DA:128,0
DA:129,0
DA:130,0
DA:132,0
DA:134,0
DA:135,0
DA:146,1
DA:147,0
DA:148,0
DA:149,0
DA:157,1
DA:158,0
DA:159,0
DA:160,0
DA:161,0
LF:67
LH:30
BRDA:90,0,0,0
BRDA:90,0,1,1
BRDA:101,1,0,0
BRDA:101,1,1,0
BRDA:105,2,0,0
BRDA:105,2,1,0
BRDA:126,3,0,0
BRDA:126,3,1,0
BRDA:127,4,0,0
BRDA:127,4,1,0
BRDA:132,5,0,0
BRDA:132,5,1,0
BRDA:160,6,0,0
BRDA:160,6,1,0
BRF:14
BRH:1
end_of_record
